<?xml version="1.0" encoding="UTF-8"?>
<testng-results ignored="0" total="1" passed="1" failed="0" skipped="0">
  <reporter-output>
  </reporter-output>
  <suite started-at="2023-12-01T12:20:27 IST" name="Default suite" finished-at="2023-12-01T12:20:27 IST" duration-ms="38">
    <groups>
    </groups>
    <test started-at="2023-12-01T12:20:27 IST" name="Default test" finished-at="2023-12-01T12:20:27 IST" duration-ms="38">
      <class name="_S_05_25_TestNG.NewTest_Parthasarthy">
        <test-method is-config="true" signature="beforeClass()[pri:0, instance:_S_05_25_TestNG.NewTest_Parthasarthy@662ac478]" started-at="2023-12-01T12:20:27 IST" name="beforeClass" finished-at="2023-12-01T12:20:27 IST" duration-ms="6" status="PASS">
          <reporter-output>
          </reporter-output>
        </test-method> <!-- beforeClass -->
        <test-method signature="f()[pri:0, instance:_S_05_25_TestNG.NewTest_Parthasarthy@662ac478]" started-at="2023-12-01T12:20:27 IST" name="f" finished-at="2023-12-01T12:20:27 IST" duration-ms="4" status="PASS">
          <reporter-output>
          </reporter-output>
        </test-method> <!-- f -->
        <test-method is-config="true" signature="afterClass()[pri:0, instance:_S_05_25_TestNG.NewTest_Parthasarthy@662ac478]" started-at="2023-12-01T12:20:27 IST" name="afterClass" finished-at="2023-12-01T12:20:27 IST" duration-ms="1" status="PASS">
          <reporter-output>
          </reporter-output>
        </test-method> <!-- afterClass -->
      </class> <!-- _S_05_25_TestNG.NewTest_Parthasarthy -->
    </test> <!-- Default test -->
  </suite> <!-- Default suite -->
</testng-results>
